{"numFailedTestSuites":0,"numFailedTests":0,"numPassedTestSuites":2,"numPassedTests":49,"numPendingTestSuites":0,"numPendingTests":0,"numRuntimeErrorTestSuites":0,"numTotalTestSuites":2,"numTotalTests":49,"openHandles":[],"snapshot":{"added":1,"didUpdate":false,"failure":true,"filesAdded":1,"filesRemoved":0,"filesUnmatched":0,"filesUpdated":0,"matched":41,"total":42,"unchecked":1,"uncheckedKeysByFile":[{"filePath":"/Users/nicholasgalazzo/Documents/carlton/Carlton/vue/carlton-storybook/tests/unit/storyshots.spec.js","keys":["Storyshots FeedItem Tests This story shows tests results from FeedItem.spec.js 1"]}],"unmatched":0,"updated":0},"startTime":1550253617007,"success":false,"testResults":[{"assertionResults":[{"ancestorTitles":["FeedItem.vue"],"failureMessages":[],"fullName":"FeedItem.vue Is a valid Vue component","location":null,"status":"passed","title":"Is a valid Vue component"},{"ancestorTitles":["FeedItem.vue"],"failureMessages":[],"fullName":"FeedItem.vue Renders avatar tag","location":null,"status":"passed","title":"Renders avatar tag"},{"ancestorTitles":["FeedItem.vue"],"failureMessages":[],"fullName":"FeedItem.vue Renders avatar inside of tag","location":null,"status":"passed","title":"Renders avatar inside of tag"},{"ancestorTitles":["FeedItem.vue"],"failureMessages":[],"fullName":"FeedItem.vue Renders title div","location":null,"status":"passed","title":"Renders title div"},{"ancestorTitles":["FeedItem.vue"],"failureMessages":[],"fullName":"FeedItem.vue Renders title text in div","location":null,"status":"passed","title":"Renders title text in div"},{"ancestorTitles":["FeedItem.vue"],"failureMessages":[],"fullName":"FeedItem.vue Renders Message div","location":null,"status":"passed","title":"Renders Message div"},{"ancestorTitles":["FeedItem.vue"],"failureMessages":[],"fullName":"FeedItem.vue Renders Message in div","location":null,"status":"passed","title":"Renders Message in div"}],"endTime":1550253627336,"message":"","name":"/Users/nicholasgalazzo/Documents/carlton/Carlton/vue/carlton-storybook/tests/unit/FeedItem.spec.js","startTime":1550253624380,"status":"passed","summary":""},{"assertionResults":[{"ancestorTitles":["Storyshots","Apartment Status"],"failureMessages":[],"fullName":"Storyshots Apartment Status Default","location":null,"status":"passed","title":"Default"},{"ancestorTitles":["Storyshots","Apartment Status/Item"],"failureMessages":[],"fullName":"Storyshots Apartment Status/Item Completed","location":null,"status":"passed","title":"Completed"},{"ancestorTitles":["Storyshots","Apartment Status/Item"],"failureMessages":[],"fullName":"Storyshots Apartment Status/Item Pending","location":null,"status":"passed","title":"Pending"},{"ancestorTitles":["Storyshots","Apartment Status/List"],"failureMessages":[],"fullName":"Storyshots Apartment Status/List Default","location":null,"status":"passed","title":"Default"},{"ancestorTitles":["Storyshots","Apartment Status/List"],"failureMessages":[],"fullName":"Storyshots Apartment Status/List With Pending","location":null,"status":"passed","title":"With Pending"},{"ancestorTitles":["Storyshots","Count Cards"],"failureMessages":[],"fullName":"Storyshots Count Cards Open Tasks","location":null,"status":"passed","title":"Open Tasks"},{"ancestorTitles":["Storyshots","Count Cards"],"failureMessages":[],"fullName":"Storyshots Count Cards Pending Statuses","location":null,"status":"passed","title":"Pending Statuses"},{"ancestorTitles":["Storyshots","Count Cards"],"failureMessages":[],"fullName":"Storyshots Count Cards Low Items","location":null,"status":"passed","title":"Low Items"},{"ancestorTitles":["Storyshots","Count Cards"],"failureMessages":[],"fullName":"Storyshots Count Cards Home for Dinner","location":null,"status":"passed","title":"Home for Dinner"},{"ancestorTitles":["Storyshots","Feed"],"failureMessages":[],"fullName":"Storyshots Feed Default","location":null,"status":"passed","title":"Default"},{"ancestorTitles":["Storyshots","Feed/Item"],"failureMessages":[],"fullName":"Storyshots Feed/Item Default","location":null,"status":"passed","title":"Default"},{"ancestorTitles":["Storyshots","Feed/Sublist"],"failureMessages":[],"fullName":"Storyshots Feed/Sublist Default","location":null,"status":"passed","title":"Default"},{"ancestorTitles":["Storyshots","Feed/List"],"failureMessages":[],"fullName":"Storyshots Feed/List Feed List","location":null,"status":"passed","title":"Feed List"},{"ancestorTitles":["Storyshots","/Feed/Feed Tests"],"failureMessages":[],"fullName":"Storyshots /Feed/Feed Tests This story shows tests results from FeedItem.spec.js","location":null,"status":"passed","title":"This story shows tests results from FeedItem.spec.js"},{"ancestorTitles":["Storyshots","Health/Health Card"],"failureMessages":[],"fullName":"Storyshots Health/Health Card Healthy","location":null,"status":"passed","title":"Healthy"},{"ancestorTitles":["Storyshots","Health/Health Card"],"failureMessages":[],"fullName":"Storyshots Health/Health Card Degraded","location":null,"status":"passed","title":"Degraded"},{"ancestorTitles":["Storyshots","Health/Health Card"],"failureMessages":[],"fullName":"Storyshots Health/Health Card Error","location":null,"status":"passed","title":"Error"},{"ancestorTitles":["Storyshots","Health/Health Dependency Item"],"failureMessages":[],"fullName":"Storyshots Health/Health Dependency Item Healthy","location":null,"status":"passed","title":"Healthy"},{"ancestorTitles":["Storyshots","Health/Health Dependency Item"],"failureMessages":[],"fullName":"Storyshots Health/Health Dependency Item Degraded","location":null,"status":"passed","title":"Degraded"},{"ancestorTitles":["Storyshots","Health/Health Dependency Item"],"failureMessages":[],"fullName":"Storyshots Health/Health Dependency Item Error","location":null,"status":"passed","title":"Error"},{"ancestorTitles":["Storyshots","Health/Dependency List"],"failureMessages":[],"fullName":"Storyshots Health/Dependency List Default","location":null,"status":"passed","title":"Default"},{"ancestorTitles":["Storyshots","Health/Dependency List"],"failureMessages":[],"fullName":"Storyshots Health/Dependency List With Degraded Status","location":null,"status":"passed","title":"With Degraded Status"},{"ancestorTitles":["Storyshots","Health/Dependency List"],"failureMessages":[],"fullName":"Storyshots Health/Dependency List With Error Status","location":null,"status":"passed","title":"With Error Status"},{"ancestorTitles":["Storyshots","Home for Dinner"],"failureMessages":[],"fullName":"Storyshots Home for Dinner Default","location":null,"status":"passed","title":"Default"},{"ancestorTitles":["Storyshots","Home for Dinner/Item"],"failureMessages":[],"fullName":"Storyshots Home for Dinner/Item Home","location":null,"status":"passed","title":"Home"},{"ancestorTitles":["Storyshots","Home for Dinner/Item"],"failureMessages":[],"fullName":"Storyshots Home for Dinner/Item Not Home","location":null,"status":"passed","title":"Not Home"},{"ancestorTitles":["Storyshots","Home for Dinner/List"],"failureMessages":[],"fullName":"Storyshots Home for Dinner/List Default","location":null,"status":"passed","title":"Default"},{"ancestorTitles":["Storyshots","Home for Dinner/List"],"failureMessages":[],"fullName":"Storyshots Home for Dinner/List With Somone Home","location":null,"status":"passed","title":"With Somone Home"},{"ancestorTitles":["Storyshots","Home for Dinner/Input"],"failureMessages":[],"fullName":"Storyshots Home for Dinner/Input Home","location":null,"status":"passed","title":"Home"},{"ancestorTitles":["Storyshots","Home for Dinner/Input"],"failureMessages":[],"fullName":"Storyshots Home for Dinner/Input Not Home","location":null,"status":"passed","title":"Not Home"},{"ancestorTitles":["Storyshots","House Hold Items"],"failureMessages":[],"fullName":"Storyshots House Hold Items Default","location":null,"status":"passed","title":"Default"},{"ancestorTitles":["Storyshots","House Hold Items/Single Item"],"failureMessages":[],"fullName":"Storyshots House Hold Items/Single Item Status Green","location":null,"status":"passed","title":"Status Green"},{"ancestorTitles":["Storyshots","House Hold Items/Single Item"],"failureMessages":[],"fullName":"Storyshots House Hold Items/Single Item Status Yellow","location":null,"status":"passed","title":"Status Yellow"},{"ancestorTitles":["Storyshots","House Hold Items/Single Item"],"failureMessages":[],"fullName":"Storyshots House Hold Items/Single Item Status Red","location":null,"status":"passed","title":"Status Red"},{"ancestorTitles":["Storyshots","House Hold Items/List"],"failureMessages":[],"fullName":"Storyshots House Hold Items/List Default","location":null,"status":"passed","title":"Default"},{"ancestorTitles":["Storyshots","House Hold Items/List"],"failureMessages":[],"fullName":"Storyshots House Hold Items/List No Items","location":null,"status":"passed","title":"No Items"},{"ancestorTitles":["Storyshots","Nav Drawer"],"failureMessages":[],"fullName":"Storyshots Nav Drawer Default","location":null,"status":"passed","title":"Default"},{"ancestorTitles":["Storyshots","Todos"],"failureMessages":[],"fullName":"Storyshots Todos Default","location":null,"status":"passed","title":"Default"},{"ancestorTitles":["Storyshots","Todos/Item"],"failureMessages":[],"fullName":"Storyshots Todos/Item Incomplete","location":null,"status":"passed","title":"Incomplete"},{"ancestorTitles":["Storyshots","Todos/Item"],"failureMessages":[],"fullName":"Storyshots Todos/Item Completed","location":null,"status":"passed","title":"Completed"},{"ancestorTitles":["Storyshots","Todos/List"],"failureMessages":[],"fullName":"Storyshots Todos/List Todo List","location":null,"status":"passed","title":"Todo List"},{"ancestorTitles":["Storyshots","Garbage Card"],"failureMessages":[],"fullName":"Storyshots Garbage Card Defeault","location":null,"status":"passed","title":"Defeault"}],"endTime":1550253683748,"message":"","name":"/Users/nicholasgalazzo/Documents/carlton/Carlton/vue/carlton-storybook/tests/unit/storyshots.spec.js","startTime":1550253678312,"status":"passed","summary":""}],"wasInterrupted":false}