{"numFailedTestSuites":0,"numFailedTests":0,"numPassedTestSuites":3,"numPassedTests":37,"numPendingTestSuites":0,"numPendingTests":0,"numRuntimeErrorTestSuites":0,"numTotalTestSuites":3,"numTotalTests":37,"openHandles":[],"snapshot":{"added":0,"didUpdate":false,"failure":false,"filesAdded":0,"filesRemoved":0,"filesUnmatched":0,"filesUpdated":0,"matched":35,"total":35,"unchecked":0,"uncheckedKeysByFile":[],"unmatched":0,"updated":0},"startTime":1550094757032,"success":true,"testResults":[{"assertionResults":[{"ancestorTitles":["FeedItem.vue"],"failureMessages":[],"fullName":"FeedItem.vue renders props.msg when passed","location":null,"status":"passed","title":"renders props.msg when passed"}],"endTime":1550094758757,"message":"","name":"/Users/nicholasgalazzo/Documents/carlton/Carlton/vue/carlton-storybook/tests/unit/FeedItem.spec.ts","startTime":1550094757887,"status":"passed","summary":""},{"assertionResults":[{"ancestorTitles":["FeedItem.vue"],"failureMessages":[],"fullName":"FeedItem.vue renders props.msg when passed","location":null,"status":"passed","title":"renders props.msg when passed"}],"endTime":1550094758763,"message":"","name":"/Users/nicholasgalazzo/Documents/carlton/Carlton/vue/carlton-storybook/tests/unit/FeedItem.spec.js","startTime":1550094757887,"status":"passed","summary":""},{"assertionResults":[{"ancestorTitles":["Storyshots","Apartment Status"],"failureMessages":[],"fullName":"Storyshots Apartment Status Default","location":null,"status":"passed","title":"Default"},{"ancestorTitles":["Storyshots","Apartment Status/Item"],"failureMessages":[],"fullName":"Storyshots Apartment Status/Item Completed","location":null,"status":"passed","title":"Completed"},{"ancestorTitles":["Storyshots","Apartment Status/Item"],"failureMessages":[],"fullName":"Storyshots Apartment Status/Item Pending","location":null,"status":"passed","title":"Pending"},{"ancestorTitles":["Storyshots","Apartment Status/List"],"failureMessages":[],"fullName":"Storyshots Apartment Status/List Default","location":null,"status":"passed","title":"Default"},{"ancestorTitles":["Storyshots","Apartment Status/List"],"failureMessages":[],"fullName":"Storyshots Apartment Status/List With Pending","location":null,"status":"passed","title":"With Pending"},{"ancestorTitles":["Storyshots","Count Cards"],"failureMessages":[],"fullName":"Storyshots Count Cards Open Tasks","location":null,"status":"passed","title":"Open Tasks"},{"ancestorTitles":["Storyshots","Count Cards"],"failureMessages":[],"fullName":"Storyshots Count Cards Pending Statuses","location":null,"status":"passed","title":"Pending Statuses"},{"ancestorTitles":["Storyshots","Count Cards"],"failureMessages":[],"fullName":"Storyshots Count Cards Low Items","location":null,"status":"passed","title":"Low Items"},{"ancestorTitles":["Storyshots","Count Cards"],"failureMessages":[],"fullName":"Storyshots Count Cards Home for Dinner","location":null,"status":"passed","title":"Home for Dinner"},{"ancestorTitles":["Storyshots","Feed"],"failureMessages":[],"fullName":"Storyshots Feed Default","location":null,"status":"passed","title":"Default"},{"ancestorTitles":["Storyshots","Feed/Item"],"failureMessages":[],"fullName":"Storyshots Feed/Item Default","location":null,"status":"passed","title":"Default"},{"ancestorTitles":["Storyshots","Feed/Sublist"],"failureMessages":[],"fullName":"Storyshots Feed/Sublist Default","location":null,"status":"passed","title":"Default"},{"ancestorTitles":["Storyshots","Feed/List"],"failureMessages":[],"fullName":"Storyshots Feed/List Feed List","location":null,"status":"passed","title":"Feed List"},{"ancestorTitles":["Storyshots","Health/Health Card"],"failureMessages":[],"fullName":"Storyshots Health/Health Card Healthy","location":null,"status":"passed","title":"Healthy"},{"ancestorTitles":["Storyshots","Health/Health Card"],"failureMessages":[],"fullName":"Storyshots Health/Health Card Degraded","location":null,"status":"passed","title":"Degraded"},{"ancestorTitles":["Storyshots","Health/Health Card"],"failureMessages":[],"fullName":"Storyshots Health/Health Card Error","location":null,"status":"passed","title":"Error"},{"ancestorTitles":["Storyshots","Health/Health Dependency Item"],"failureMessages":[],"fullName":"Storyshots Health/Health Dependency Item Healthy","location":null,"status":"passed","title":"Healthy"},{"ancestorTitles":["Storyshots","Health/Health Dependency Item"],"failureMessages":[],"fullName":"Storyshots Health/Health Dependency Item Degraded","location":null,"status":"passed","title":"Degraded"},{"ancestorTitles":["Storyshots","Health/Health Dependency Item"],"failureMessages":[],"fullName":"Storyshots Health/Health Dependency Item Error","location":null,"status":"passed","title":"Error"},{"ancestorTitles":["Storyshots","Health/Dependency List"],"failureMessages":[],"fullName":"Storyshots Health/Dependency List Default","location":null,"status":"passed","title":"Default"},{"ancestorTitles":["Storyshots","Health/Dependency List"],"failureMessages":[],"fullName":"Storyshots Health/Dependency List With Degraded Status","location":null,"status":"passed","title":"With Degraded Status"},{"ancestorTitles":["Storyshots","Health/Dependency List"],"failureMessages":[],"fullName":"Storyshots Health/Dependency List With Error Status","location":null,"status":"passed","title":"With Error Status"},{"ancestorTitles":["Storyshots","Home for Dinner"],"failureMessages":[],"fullName":"Storyshots Home for Dinner Default","location":null,"status":"passed","title":"Default"},{"ancestorTitles":["Storyshots","Home for Dinner/Item"],"failureMessages":[],"fullName":"Storyshots Home for Dinner/Item Home","location":null,"status":"passed","title":"Home"},{"ancestorTitles":["Storyshots","Home for Dinner/Item"],"failureMessages":[],"fullName":"Storyshots Home for Dinner/Item Not Home","location":null,"status":"passed","title":"Not Home"},{"ancestorTitles":["Storyshots","Home for Dinner/List"],"failureMessages":[],"fullName":"Storyshots Home for Dinner/List Default","location":null,"status":"passed","title":"Default"},{"ancestorTitles":["Storyshots","Home for Dinner/List"],"failureMessages":[],"fullName":"Storyshots Home for Dinner/List With Somone Home","location":null,"status":"passed","title":"With Somone Home"},{"ancestorTitles":["Storyshots","Home for Dinner/Input"],"failureMessages":[],"fullName":"Storyshots Home for Dinner/Input Home","location":null,"status":"passed","title":"Home"},{"ancestorTitles":["Storyshots","Home for Dinner/Input"],"failureMessages":[],"fullName":"Storyshots Home for Dinner/Input Not Home","location":null,"status":"passed","title":"Not Home"},{"ancestorTitles":["Storyshots","Nav Drawer"],"failureMessages":[],"fullName":"Storyshots Nav Drawer Default","location":null,"status":"passed","title":"Default"},{"ancestorTitles":["Storyshots","Todos"],"failureMessages":[],"fullName":"Storyshots Todos Default","location":null,"status":"passed","title":"Default"},{"ancestorTitles":["Storyshots","Todos/Item"],"failureMessages":[],"fullName":"Storyshots Todos/Item Incomplete","location":null,"status":"passed","title":"Incomplete"},{"ancestorTitles":["Storyshots","Todos/Item"],"failureMessages":[],"fullName":"Storyshots Todos/Item Completed","location":null,"status":"passed","title":"Completed"},{"ancestorTitles":["Storyshots","Todos/List"],"failureMessages":[],"fullName":"Storyshots Todos/List Todo List","location":null,"status":"passed","title":"Todo List"},{"ancestorTitles":["Storyshots","Garbage Card"],"failureMessages":[],"fullName":"Storyshots Garbage Card Defeault","location":null,"status":"passed","title":"Defeault"}],"endTime":1550094760838,"message":"","name":"/Users/nicholasgalazzo/Documents/carlton/Carlton/vue/carlton-storybook/tests/unit/storyshots.spec.js","startTime":1550094757884,"status":"passed","summary":""}],"wasInterrupted":false}