{"C:\\Users\\nicho\\Documents\\code\\Project Carlton\\vue\\carlton-storybook\\src\\main.ts": {"path":"C:\\Users\\nicho\\Documents\\code\\Project Carlton\\vue\\carlton-storybook\\src\\main.ts","statementMap":{"0":{"start":{"line":1,"column":0},"end":{"line":1,"column":56}},"1":{"start":{"line":2,"column":0},"end":{"line":2,"column":21}},"2":{"start":{"line":3,"column":0},"end":{"line":3,"column":29}},"3":{"start":{"line":5,"column":0},"end":{"line":5,"column":34}},"4":{"start":{"line":6,"column":0},"end":{"line":6,"column":47}},"5":{"start":{"line":10,"column":0},"end":{"line":10,"column":17}},"6":{"start":{"line":13,"column":12},"end":{"line":13,"column":67}},"7":{"start":{"line":15,"column":2},"end":{"line":15,"column":48}},"8":{"start":{"line":15,"column":33},"end":{"line":15,"column":46}},"9":{"start":{"line":18,"column":0},"end":{"line":18,"column":31}}},"fnMap":{"0":{"name":"loadStories","decl":{"start":{"line":14,"column":9},"end":{"line":14,"column":20}},"loc":{"start":{"line":14,"column":20},"end":{"line":16,"column":1}}},"1":{"name":"(anonymous_1)","decl":{"start":{"line":15,"column":21},"end":{"line":15,"column":28}},"loc":{"start":{"line":15,"column":33},"end":{"line":15,"column":46}}}},"branchMap":{},"s":{"0":0,"1":0,"2":0,"3":0,"4":0,"5":0,"6":0,"7":0,"8":0,"9":0},"f":{"0":0,"1":0},"b":{}}
,"C:\\Users\\nicho\\Documents\\code\\Project Carlton\\vue\\carlton-storybook\\src\\shims-storybook-action.d.ts": {"path":"C:\\Users\\nicho\\Documents\\code\\Project Carlton\\vue\\carlton-storybook\\src\\shims-storybook-action.d.ts","statementMap":{},"fnMap":{},"branchMap":{},"s":{},"f":{},"b":{}}
,"C:\\Users\\nicho\\Documents\\code\\Project Carlton\\vue\\carlton-storybook\\src\\shims-storybook-links.d.ts": {"path":"C:\\Users\\nicho\\Documents\\code\\Project Carlton\\vue\\carlton-storybook\\src\\shims-storybook-links.d.ts","statementMap":{},"fnMap":{},"branchMap":{},"s":{},"f":{},"b":{}}
,"C:\\Users\\nicho\\Documents\\code\\Project Carlton\\vue\\carlton-storybook\\src\\shims-tsx.d.ts": {"path":"C:\\Users\\nicho\\Documents\\code\\Project Carlton\\vue\\carlton-storybook\\src\\shims-tsx.d.ts","statementMap":{},"fnMap":{},"branchMap":{},"s":{},"f":{},"b":{}}
,"C:\\Users\\nicho\\Documents\\code\\Project Carlton\\vue\\carlton-storybook\\src\\shims-vue.d.ts": {"path":"C:\\Users\\nicho\\Documents\\code\\Project Carlton\\vue\\carlton-storybook\\src\\shims-vue.d.ts","statementMap":{},"fnMap":{},"branchMap":{},"s":{},"f":{},"b":{}}
,"C:\\Users\\nicho\\Documents\\code\\Project Carlton\\vue\\carlton-storybook\\src\\models\\FeedItemModel.ts": {"path":"C:\\Users\\nicho\\Documents\\code\\Project Carlton\\vue\\carlton-storybook\\src\\models\\FeedItemModel.ts","statementMap":{"0":{"start":{"line":3,"column":13},"end":{"line":3,"column":27}},"1":{"start":{"line":4,"column":13},"end":{"line":4,"column":26}},"2":{"start":{"line":5,"column":13},"end":{"line":5,"column":28}},"3":{"start":{"line":1,"column":0},"end":{"line":7,"column":3}}},"fnMap":{"0":{"name":"(anonymous_0)","decl":{"start":{"line":2,"column":4},"end":{"line":3,"column":12}},"loc":{"start":{"line":5,"column":28},"end":{"line":6,"column":8}}}},"branchMap":{},"s":{"0":0,"1":0,"2":0,"3":0},"f":{"0":0},"b":{}}
,"C:\\Users\\nicho\\Documents\\code\\Project Carlton\\vue\\carlton-storybook\\src\\models\\HomeForDinnerModel.ts": {"path":"C:\\Users\\nicho\\Documents\\code\\Project Carlton\\vue\\carlton-storybook\\src\\models\\HomeForDinnerModel.ts","statementMap":{"0":{"start":{"line":3,"column":13},"end":{"line":3,"column":25}},"1":{"start":{"line":4,"column":13},"end":{"line":4,"column":37}},"2":{"start":{"line":5,"column":13},"end":{"line":5,"column":27}},"3":{"start":{"line":1,"column":0},"end":{"line":7,"column":3}}},"fnMap":{"0":{"name":"(anonymous_0)","decl":{"start":{"line":2,"column":4},"end":{"line":3,"column":12}},"loc":{"start":{"line":5,"column":27},"end":{"line":6,"column":8}}}},"branchMap":{},"s":{"0":0,"1":0,"2":0,"3":0},"f":{"0":0},"b":{}}
,"C:\\Users\\nicho\\Documents\\code\\Project Carlton\\vue\\carlton-storybook\\src\\models\\HouseHoldItemModel.ts": {"path":"C:\\Users\\nicho\\Documents\\code\\Project Carlton\\vue\\carlton-storybook\\src\\models\\HouseHoldItemModel.ts","statementMap":{"0":{"start":{"line":2,"column":23},"end":{"line":2,"column":35}},"1":{"start":{"line":2,"column":44},"end":{"line":2,"column":68}},"2":{"start":{"line":1,"column":0},"end":{"line":3,"column":3}}},"fnMap":{"0":{"name":"(anonymous_0)","decl":{"start":{"line":2,"column":4},"end":{"line":2,"column":22}},"loc":{"start":{"line":2,"column":68},"end":{"line":2,"column":72}}}},"branchMap":{},"s":{"0":0,"1":0,"2":0},"f":{"0":0},"b":{}}
,"C:\\Users\\nicho\\Documents\\code\\Project Carlton\\vue\\carlton-storybook\\src\\models\\NavLink.ts": {"path":"C:\\Users\\nicho\\Documents\\code\\Project Carlton\\vue\\carlton-storybook\\src\\models\\NavLink.ts","statementMap":{"0":{"start":{"line":3,"column":23},"end":{"line":3,"column":33}},"1":{"start":{"line":3,"column":42},"end":{"line":3,"column":54}},"2":{"start":{"line":3,"column":63},"end":{"line":3,"column":75}},"3":{"start":{"line":2,"column":0},"end":{"line":4,"column":3}}},"fnMap":{"0":{"name":"(anonymous_0)","decl":{"start":{"line":3,"column":4},"end":{"line":3,"column":22}},"loc":{"start":{"line":3,"column":75},"end":{"line":3,"column":79}}}},"branchMap":{},"s":{"0":0,"1":0,"2":0,"3":0},"f":{"0":0},"b":{}}
,"C:\\Users\\nicho\\Documents\\code\\Project Carlton\\vue\\carlton-storybook\\src\\models\\TodoItemModel.ts": {"path":"C:\\Users\\nicho\\Documents\\code\\Project Carlton\\vue\\carlton-storybook\\src\\models\\TodoItemModel.ts","statementMap":{"0":{"start":{"line":3,"column":23},"end":{"line":3,"column":35}},"1":{"start":{"line":3,"column":44},"end":{"line":3,"column":64}},"2":{"start":{"line":3,"column":73},"end":{"line":3,"column":89}},"3":{"start":{"line":2,"column":0},"end":{"line":4,"column":3}}},"fnMap":{"0":{"name":"(anonymous_0)","decl":{"start":{"line":3,"column":4},"end":{"line":3,"column":22}},"loc":{"start":{"line":3,"column":89},"end":{"line":3,"column":93}}}},"branchMap":{},"s":{"0":0,"1":0,"2":0,"3":0},"f":{"0":0},"b":{}}
,"C:\\Users\\nicho\\Documents\\code\\Project Carlton\\vue\\carlton-storybook\\src\\plugins\\vuetify.ts": {"path":"C:\\Users\\nicho\\Documents\\code\\Project Carlton\\vue\\carlton-storybook\\src\\plugins\\vuetify.ts","statementMap":{"0":{"start":{"line":1,"column":0},"end":{"line":1,"column":20}},"1":{"start":{"line":2,"column":0},"end":{"line":2,"column":32}},"2":{"start":{"line":3,"column":0},"end":{"line":3,"column":36}},"3":{"start":{"line":5,"column":0},"end":{"line":7,"column":2}}},"fnMap":{},"branchMap":{},"s":{"0":0,"1":0,"2":0,"3":0},"f":{},"b":{}}
,"C:\\Users\\nicho\\Documents\\code\\Project Carlton\\vue\\carlton-storybook\\src\\stories\\index.stories.ts": {"path":"C:\\Users\\nicho\\Documents\\code\\Project Carlton\\vue\\carlton-storybook\\src\\stories\\index.stories.ts","statementMap":{"0":{"start":{"line":3,"column":0},"end":{"line":3,"column":42}},"1":{"start":{"line":4,"column":0},"end":{"line":10,"column":31}},"2":{"start":{"line":14,"column":0},"end":{"line":14,"column":55}},"3":{"start":{"line":15,"column":0},"end":{"line":15,"column":60}},"4":{"start":{"line":18,"column":0},"end":{"line":18,"column":74}},"5":{"start":{"line":19,"column":0},"end":{"line":19,"column":90}},"6":{"start":{"line":20,"column":0},"end":{"line":20,"column":72}},"7":{"start":{"line":21,"column":0},"end":{"line":21,"column":82}},"8":{"start":{"line":24,"column":0},"end":{"line":24,"column":81}},"9":{"start":{"line":25,"column":0},"end":{"line":25,"column":81}},"10":{"start":{"line":26,"column":0},"end":{"line":26,"column":83}},"11":{"start":{"line":27,"column":0},"end":{"line":27,"column":73}},"12":{"start":{"line":30,"column":0},"end":{"line":30,"column":87}},"13":{"start":{"line":31,"column":0},"end":{"line":31,"column":87}},"14":{"start":{"line":34,"column":0},"end":{"line":34,"column":74}},"15":{"start":{"line":35,"column":0},"end":{"line":35,"column":82}},"16":{"start":{"line":38,"column":0},"end":{"line":38,"column":55}},"17":{"start":{"line":39,"column":0},"end":{"line":39,"column":55}},"18":{"start":{"line":42,"column":0},"end":{"line":42,"column":54}},"19":{"start":{"line":43,"column":0},"end":{"line":43,"column":54}},"20":{"start":{"line":44,"column":0},"end":{"line":44,"column":60}},"21":{"start":{"line":45,"column":0},"end":{"line":45,"column":46}},"22":{"start":{"line":48,"column":0},"end":{"line":48,"column":55}},"23":{"start":{"line":50,"column":0},"end":{"line":83,"column":5}},"24":{"start":{"line":53,"column":26},"end":{"line":53,"column":49}},"25":{"start":{"line":55,"column":4},"end":{"line":58,"column":6}},"26":{"start":{"line":61,"column":31},"end":{"line":61,"column":60}},"27":{"start":{"line":63,"column":4},"end":{"line":66,"column":6}},"28":{"start":{"line":69,"column":26},"end":{"line":69,"column":48}},"29":{"start":{"line":71,"column":4},"end":{"line":74,"column":6}},"30":{"start":{"line":77,"column":31},"end":{"line":77,"column":66}},"31":{"start":{"line":79,"column":4},"end":{"line":82,"column":6}},"32":{"start":{"line":85,"column":0},"end":{"line":88,"column":4}},"33":{"start":{"line":85,"column":54},"end":{"line":88,"column":1}},"34":{"start":{"line":90,"column":0},"end":{"line":109,"column":6}},"35":{"start":{"line":92,"column":25},"end":{"line":109,"column":3}},"36":{"start":{"line":95,"column":17},"end":{"line":108,"column":5}},"37":{"start":{"line":111,"column":0},"end":{"line":128,"column":5}},"38":{"start":{"line":114,"column":19},"end":{"line":114,"column":44}},"39":{"start":{"line":115,"column":19},"end":{"line":115,"column":37}},"40":{"start":{"line":117,"column":4},"end":{"line":127,"column":6}},"41":{"start":{"line":120,"column":19},"end":{"line":126,"column":7}},"42":{"start":{"line":130,"column":0},"end":{"line":151,"column":5}},"43":{"start":{"line":133,"column":4},"end":{"line":150,"column":6}},"44":{"start":{"line":136,"column":19},"end":{"line":149,"column":7}},"45":{"start":{"line":153,"column":0},"end":{"line":160,"column":5}},"46":{"start":{"line":156,"column":4},"end":{"line":159,"column":6}},"47":{"start":{"line":162,"column":0},"end":{"line":192,"column":5}},"48":{"start":{"line":165,"column":33},"end":{"line":172,"column":5}},"49":{"start":{"line":174,"column":30},"end":{"line":177,"column":5}},"50":{"start":{"line":179,"column":23},"end":{"line":179,"column":73}},"51":{"start":{"line":180,"column":19},"end":{"line":180,"column":57}},"52":{"start":{"line":182,"column":4},"end":{"line":191,"column":6}},"53":{"start":{"line":185,"column":19},"end":{"line":190,"column":7}},"54":{"start":{"line":194,"column":0},"end":{"line":245,"column":5}},"55":{"start":{"line":197,"column":30},"end":{"line":200,"column":5}},"56":{"start":{"line":202,"column":26},"end":{"line":202,"column":72}},"57":{"start":{"line":203,"column":26},"end":{"line":203,"column":72}},"58":{"start":{"line":204,"column":27},"end":{"line":204,"column":74}},"59":{"start":{"line":205,"column":27},"end":{"line":205,"column":74}},"60":{"start":{"line":206,"column":26},"end":{"line":206,"column":72}},"61":{"start":{"line":207,"column":30},"end":{"line":211,"column":5}},"62":{"start":{"line":213,"column":4},"end":{"line":244,"column":6}},"63":{"start":{"line":216,"column":19},"end":{"line":243,"column":7}},"64":{"start":{"line":247,"column":0},"end":{"line":269,"column":5}},"65":{"start":{"line":250,"column":20},"end":{"line":255,"column":5}},"66":{"start":{"line":256,"column":21},"end":{"line":256,"column":49}},"67":{"start":{"line":257,"column":29},"end":{"line":257,"column":69}},"68":{"start":{"line":259,"column":4},"end":{"line":268,"column":6}},"69":{"start":{"line":262,"column":19},"end":{"line":267,"column":7}},"70":{"start":{"line":271,"column":0},"end":{"line":342,"column":6}},"71":{"start":{"line":272,"column":25},"end":{"line":295,"column":3}},"72":{"start":{"line":275,"column":17},"end":{"line":294,"column":5}},"73":{"start":{"line":296,"column":24},"end":{"line":335,"column":3}},"74":{"start":{"line":299,"column":17},"end":{"line":334,"column":5}},"75":{"start":{"line":336,"column":26},"end":{"line":342,"column":3}},"76":{"start":{"line":339,"column":17},"end":{"line":341,"column":5}},"77":{"start":{"line":344,"column":0},"end":{"line":380,"column":6}},"78":{"start":{"line":347,"column":17},"end":{"line":347,"column":54}},"79":{"start":{"line":348,"column":24},"end":{"line":348,"column":51}},"80":{"start":{"line":350,"column":4},"end":{"line":359,"column":6}},"81":{"start":{"line":353,"column":19},"end":{"line":358,"column":7}},"82":{"start":{"line":361,"column":27},"end":{"line":380,"column":3}},"83":{"start":{"line":364,"column":17},"end":{"line":379,"column":5}},"84":{"start":{"line":382,"column":0},"end":{"line":410,"column":5}},"85":{"start":{"line":384,"column":25},"end":{"line":387,"column":3}},"86":{"start":{"line":389,"column":26},"end":{"line":393,"column":5}},"87":{"start":{"line":395,"column":20},"end":{"line":395,"column":73}},"88":{"start":{"line":396,"column":18},"end":{"line":396,"column":50}},"89":{"start":{"line":397,"column":20},"end":{"line":397,"column":70}},"90":{"start":{"line":399,"column":4},"end":{"line":409,"column":6}},"91":{"start":{"line":402,"column":19},"end":{"line":408,"column":7}},"92":{"start":{"line":412,"column":2},"end":{"line":438,"column":5}},"93":{"start":{"line":415,"column":4},"end":{"line":437,"column":6}},"94":{"start":{"line":418,"column":19},"end":{"line":436,"column":7}},"95":{"start":{"line":440,"column":2},"end":{"line":466,"column":5}},"96":{"start":{"line":443,"column":4},"end":{"line":465,"column":6}},"97":{"start":{"line":446,"column":19},"end":{"line":464,"column":7}},"98":{"start":{"line":468,"column":0},"end":{"line":471,"column":4}},"99":{"start":{"line":468,"column":57},"end":{"line":471,"column":1}},"100":{"start":{"line":473,"column":0},"end":{"line":476,"column":4}},"101":{"start":{"line":473,"column":55},"end":{"line":476,"column":1}}},"fnMap":{"0":{"name":"(anonymous_0)","decl":{"start":{"line":52,"column":21},"end":{"line":52,"column":23}},"loc":{"start":{"line":52,"column":26},"end":{"line":59,"column":3}}},"1":{"name":"(anonymous_1)","decl":{"start":{"line":60,"column":27},"end":{"line":60,"column":29}},"loc":{"start":{"line":60,"column":32},"end":{"line":67,"column":3}}},"2":{"name":"(anonymous_2)","decl":{"start":{"line":68,"column":20},"end":{"line":68,"column":22}},"loc":{"start":{"line":68,"column":25},"end":{"line":75,"column":3}}},"3":{"name":"(anonymous_3)","decl":{"start":{"line":76,"column":26},"end":{"line":76,"column":28}},"loc":{"start":{"line":76,"column":31},"end":{"line":83,"column":3}}},"4":{"name":"(anonymous_4)","decl":{"start":{"line":85,"column":47},"end":{"line":85,"column":49}},"loc":{"start":{"line":85,"column":54},"end":{"line":88,"column":1}}},"5":{"name":"(anonymous_5)","decl":{"start":{"line":92,"column":18},"end":{"line":92,"column":20}},"loc":{"start":{"line":92,"column":25},"end":{"line":109,"column":3}}},"6":{"name":"(anonymous_6)","decl":{"start":{"line":95,"column":10},"end":{"line":95,"column":12}},"loc":{"start":{"line":95,"column":17},"end":{"line":108,"column":5}}},"7":{"name":"(anonymous_7)","decl":{"start":{"line":113,"column":15},"end":{"line":113,"column":17}},"loc":{"start":{"line":113,"column":20},"end":{"line":128,"column":3}}},"8":{"name":"(anonymous_8)","decl":{"start":{"line":120,"column":12},"end":{"line":120,"column":14}},"loc":{"start":{"line":120,"column":19},"end":{"line":126,"column":7}}},"9":{"name":"(anonymous_9)","decl":{"start":{"line":132,"column":15},"end":{"line":132,"column":17}},"loc":{"start":{"line":132,"column":20},"end":{"line":151,"column":3}}},"10":{"name":"(anonymous_10)","decl":{"start":{"line":136,"column":12},"end":{"line":136,"column":14}},"loc":{"start":{"line":136,"column":19},"end":{"line":149,"column":7}}},"11":{"name":"(anonymous_11)","decl":{"start":{"line":155,"column":16},"end":{"line":155,"column":18}},"loc":{"start":{"line":155,"column":21},"end":{"line":160,"column":3}}},"12":{"name":"(anonymous_12)","decl":{"start":{"line":164,"column":18},"end":{"line":164,"column":20}},"loc":{"start":{"line":164,"column":23},"end":{"line":192,"column":3}}},"13":{"name":"(anonymous_13)","decl":{"start":{"line":185,"column":12},"end":{"line":185,"column":14}},"loc":{"start":{"line":185,"column":19},"end":{"line":190,"column":7}}},"14":{"name":"(anonymous_14)","decl":{"start":{"line":196,"column":18},"end":{"line":196,"column":20}},"loc":{"start":{"line":196,"column":23},"end":{"line":245,"column":3}}},"15":{"name":"(anonymous_15)","decl":{"start":{"line":216,"column":12},"end":{"line":216,"column":14}},"loc":{"start":{"line":216,"column":19},"end":{"line":243,"column":7}}},"16":{"name":"(anonymous_16)","decl":{"start":{"line":249,"column":18},"end":{"line":249,"column":20}},"loc":{"start":{"line":249,"column":23},"end":{"line":269,"column":3}}},"17":{"name":"(anonymous_17)","decl":{"start":{"line":262,"column":12},"end":{"line":262,"column":14}},"loc":{"start":{"line":262,"column":19},"end":{"line":267,"column":7}}},"18":{"name":"(anonymous_18)","decl":{"start":{"line":272,"column":18},"end":{"line":272,"column":20}},"loc":{"start":{"line":272,"column":25},"end":{"line":295,"column":3}}},"19":{"name":"(anonymous_19)","decl":{"start":{"line":275,"column":10},"end":{"line":275,"column":12}},"loc":{"start":{"line":275,"column":17},"end":{"line":294,"column":5}}},"20":{"name":"(anonymous_20)","decl":{"start":{"line":296,"column":17},"end":{"line":296,"column":19}},"loc":{"start":{"line":296,"column":24},"end":{"line":335,"column":3}}},"21":{"name":"(anonymous_21)","decl":{"start":{"line":299,"column":10},"end":{"line":299,"column":12}},"loc":{"start":{"line":299,"column":17},"end":{"line":334,"column":5}}},"22":{"name":"(anonymous_22)","decl":{"start":{"line":336,"column":19},"end":{"line":336,"column":21}},"loc":{"start":{"line":336,"column":26},"end":{"line":342,"column":3}}},"23":{"name":"(anonymous_23)","decl":{"start":{"line":339,"column":10},"end":{"line":339,"column":12}},"loc":{"start":{"line":339,"column":17},"end":{"line":341,"column":5}}},"24":{"name":"(anonymous_24)","decl":{"start":{"line":346,"column":15},"end":{"line":346,"column":17}},"loc":{"start":{"line":346,"column":20},"end":{"line":360,"column":3}}},"25":{"name":"(anonymous_25)","decl":{"start":{"line":353,"column":12},"end":{"line":353,"column":14}},"loc":{"start":{"line":353,"column":19},"end":{"line":358,"column":7}}},"26":{"name":"(anonymous_26)","decl":{"start":{"line":361,"column":20},"end":{"line":361,"column":22}},"loc":{"start":{"line":361,"column":27},"end":{"line":380,"column":3}}},"27":{"name":"(anonymous_27)","decl":{"start":{"line":364,"column":10},"end":{"line":364,"column":12}},"loc":{"start":{"line":364,"column":17},"end":{"line":379,"column":5}}},"28":{"name":"(anonymous_28)","decl":{"start":{"line":384,"column":18},"end":{"line":384,"column":20}},"loc":{"start":{"line":384,"column":25},"end":{"line":387,"column":3}}},"29":{"name":"(anonymous_29)","decl":{"start":{"line":388,"column":18},"end":{"line":388,"column":20}},"loc":{"start":{"line":388,"column":23},"end":{"line":410,"column":3}}},"30":{"name":"(anonymous_30)","decl":{"start":{"line":402,"column":12},"end":{"line":402,"column":14}},"loc":{"start":{"line":402,"column":19},"end":{"line":408,"column":7}}},"31":{"name":"(anonymous_31)","decl":{"start":{"line":414,"column":18},"end":{"line":414,"column":20}},"loc":{"start":{"line":414,"column":23},"end":{"line":438,"column":3}}},"32":{"name":"(anonymous_32)","decl":{"start":{"line":418,"column":12},"end":{"line":418,"column":14}},"loc":{"start":{"line":418,"column":19},"end":{"line":436,"column":7}}},"33":{"name":"(anonymous_33)","decl":{"start":{"line":442,"column":20},"end":{"line":442,"column":22}},"loc":{"start":{"line":442,"column":25},"end":{"line":466,"column":3}}},"34":{"name":"(anonymous_34)","decl":{"start":{"line":446,"column":12},"end":{"line":446,"column":14}},"loc":{"start":{"line":446,"column":19},"end":{"line":464,"column":7}}},"35":{"name":"(anonymous_35)","decl":{"start":{"line":468,"column":50},"end":{"line":468,"column":52}},"loc":{"start":{"line":468,"column":57},"end":{"line":471,"column":1}}},"36":{"name":"(anonymous_36)","decl":{"start":{"line":473,"column":48},"end":{"line":473,"column":50}},"loc":{"start":{"line":473,"column":55},"end":{"line":476,"column":1}}}},"branchMap":{},"s":{"0":0,"1":0,"2":0,"3":0,"4":0,"5":0,"6":0,"7":0,"8":0,"9":0,"10":0,"11":0,"12":0,"13":0,"14":0,"15":0,"16":0,"17":0,"18":0,"19":0,"20":0,"21":0,"22":0,"23":0,"24":0,"25":0,"26":0,"27":0,"28":0,"29":0,"30":0,"31":0,"32":0,"33":0,"34":0,"35":0,"36":0,"37":0,"38":0,"39":0,"40":0,"41":0,"42":0,"43":0,"44":0,"45":0,"46":0,"47":0,"48":0,"49":0,"50":0,"51":0,"52":0,"53":0,"54":0,"55":0,"56":0,"57":0,"58":0,"59":0,"60":0,"61":0,"62":0,"63":0,"64":0,"65":0,"66":0,"67":0,"68":0,"69":0,"70":0,"71":0,"72":0,"73":0,"74":0,"75":0,"76":0,"77":0,"78":0,"79":0,"80":0,"81":0,"82":0,"83":0,"84":0,"85":0,"86":0,"87":0,"88":0,"89":0,"90":0,"91":0,"92":0,"93":0,"94":0,"95":0,"96":0,"97":0,"98":0,"99":0,"100":0,"101":0},"f":{"0":0,"1":0,"2":0,"3":0,"4":0,"5":0,"6":0,"7":0,"8":0,"9":0,"10":0,"11":0,"12":0,"13":0,"14":0,"15":0,"16":0,"17":0,"18":0,"19":0,"20":0,"21":0,"22":0,"23":0,"24":0,"25":0,"26":0,"27":0,"28":0,"29":0,"30":0,"31":0,"32":0,"33":0,"34":0,"35":0,"36":0},"b":{}}
}
