TN:
SF:C:\Users\nicho\Documents\code\Project Carlton\vue\carlton-storybook\src\main.ts
FN:14,loadStories
FN:15,(anonymous_1)
FNF:2
FNH:0
FNDA:0,loadStories
FNDA:0,(anonymous_1)
DA:1,0
DA:2,0
DA:3,0
DA:5,0
DA:6,0
DA:10,0
DA:13,0
DA:15,0
DA:18,0
LF:9
LH:0
BRF:0
BRH:0
end_of_record
TN:
SF:C:\Users\nicho\Documents\code\Project Carlton\vue\carlton-storybook\src\shims-storybook-action.d.ts
FNF:0
FNH:0
LF:0
LH:0
BRF:0
BRH:0
end_of_record
TN:
SF:C:\Users\nicho\Documents\code\Project Carlton\vue\carlton-storybook\src\shims-storybook-links.d.ts
FNF:0
FNH:0
LF:0
LH:0
BRF:0
BRH:0
end_of_record
TN:
SF:C:\Users\nicho\Documents\code\Project Carlton\vue\carlton-storybook\src\shims-tsx.d.ts
FNF:0
FNH:0
LF:0
LH:0
BRF:0
BRH:0
end_of_record
TN:
SF:C:\Users\nicho\Documents\code\Project Carlton\vue\carlton-storybook\src\shims-vue.d.ts
FNF:0
FNH:0
LF:0
LH:0
BRF:0
BRH:0
end_of_record
TN:
SF:C:\Users\nicho\Documents\code\Project Carlton\vue\carlton-storybook\src\models\FeedItemModel.ts
FN:2,(anonymous_0)
FNF:1
FNH:0
FNDA:0,(anonymous_0)
DA:1,0
DA:3,0
DA:4,0
DA:5,0
LF:4
LH:0
BRF:0
BRH:0
end_of_record
TN:
SF:C:\Users\nicho\Documents\code\Project Carlton\vue\carlton-storybook\src\models\HomeForDinnerModel.ts
FN:2,(anonymous_0)
FNF:1
FNH:0
FNDA:0,(anonymous_0)
DA:1,0
DA:3,0
DA:4,0
DA:5,0
LF:4
LH:0
BRF:0
BRH:0
end_of_record
TN:
SF:C:\Users\nicho\Documents\code\Project Carlton\vue\carlton-storybook\src\models\HouseHoldItemModel.ts
FN:2,(anonymous_0)
FNF:1
FNH:0
FNDA:0,(anonymous_0)
DA:1,0
DA:2,0
LF:2
LH:0
BRF:0
BRH:0
end_of_record
TN:
SF:C:\Users\nicho\Documents\code\Project Carlton\vue\carlton-storybook\src\models\NavLink.ts
FN:3,(anonymous_0)
FNF:1
FNH:0
FNDA:0,(anonymous_0)
DA:2,0
DA:3,0
LF:2
LH:0
BRF:0
BRH:0
end_of_record
TN:
SF:C:\Users\nicho\Documents\code\Project Carlton\vue\carlton-storybook\src\models\TodoItemModel.ts
FN:3,(anonymous_0)
FNF:1
FNH:0
FNDA:0,(anonymous_0)
DA:2,0
DA:3,0
LF:2
LH:0
BRF:0
BRH:0
end_of_record
TN:
SF:C:\Users\nicho\Documents\code\Project Carlton\vue\carlton-storybook\src\plugins\vuetify.ts
FNF:0
FNH:0
DA:1,0
DA:2,0
DA:3,0
DA:5,0
LF:4
LH:0
BRF:0
BRH:0
end_of_record
TN:
SF:C:\Users\nicho\Documents\code\Project Carlton\vue\carlton-storybook\src\stories\index.stories.ts
FN:52,(anonymous_0)
FN:60,(anonymous_1)
FN:68,(anonymous_2)
FN:76,(anonymous_3)
FN:85,(anonymous_4)
FN:92,(anonymous_5)
FN:95,(anonymous_6)
FN:113,(anonymous_7)
FN:120,(anonymous_8)
FN:132,(anonymous_9)
FN:136,(anonymous_10)
FN:155,(anonymous_11)
FN:164,(anonymous_12)
FN:185,(anonymous_13)
FN:196,(anonymous_14)
FN:216,(anonymous_15)
FN:249,(anonymous_16)
FN:262,(anonymous_17)
FN:272,(anonymous_18)
FN:275,(anonymous_19)
FN:296,(anonymous_20)
FN:299,(anonymous_21)
FN:336,(anonymous_22)
FN:339,(anonymous_23)
FN:346,(anonymous_24)
FN:353,(anonymous_25)
FN:361,(anonymous_26)
FN:364,(anonymous_27)
FN:384,(anonymous_28)
FN:388,(anonymous_29)
FN:402,(anonymous_30)
FN:414,(anonymous_31)
FN:418,(anonymous_32)
FN:442,(anonymous_33)
FN:446,(anonymous_34)
FN:468,(anonymous_35)
FN:473,(anonymous_36)
FNF:37
FNH:0
FNDA:0,(anonymous_0)
FNDA:0,(anonymous_1)
FNDA:0,(anonymous_2)
FNDA:0,(anonymous_3)
FNDA:0,(anonymous_4)
FNDA:0,(anonymous_5)
FNDA:0,(anonymous_6)
FNDA:0,(anonymous_7)
FNDA:0,(anonymous_8)
FNDA:0,(anonymous_9)
FNDA:0,(anonymous_10)
FNDA:0,(anonymous_11)
FNDA:0,(anonymous_12)
FNDA:0,(anonymous_13)
FNDA:0,(anonymous_14)
FNDA:0,(anonymous_15)
FNDA:0,(anonymous_16)
FNDA:0,(anonymous_17)
FNDA:0,(anonymous_18)
FNDA:0,(anonymous_19)
FNDA:0,(anonymous_20)
FNDA:0,(anonymous_21)
FNDA:0,(anonymous_22)
FNDA:0,(anonymous_23)
FNDA:0,(anonymous_24)
FNDA:0,(anonymous_25)
FNDA:0,(anonymous_26)
FNDA:0,(anonymous_27)
FNDA:0,(anonymous_28)
FNDA:0,(anonymous_29)
FNDA:0,(anonymous_30)
FNDA:0,(anonymous_31)
FNDA:0,(anonymous_32)
FNDA:0,(anonymous_33)
FNDA:0,(anonymous_34)
FNDA:0,(anonymous_35)
FNDA:0,(anonymous_36)
DA:3,0
DA:4,0
DA:14,0
DA:15,0
DA:18,0
DA:19,0
DA:20,0
DA:21,0
DA:24,0
DA:25,0
DA:26,0
DA:27,0
DA:30,0
DA:31,0
DA:34,0
DA:35,0
DA:38,0
DA:39,0
DA:42,0
DA:43,0
DA:44,0
DA:45,0
DA:48,0
DA:50,0
DA:53,0
DA:55,0
DA:61,0
DA:63,0
DA:69,0
DA:71,0
DA:77,0
DA:79,0
DA:85,0
DA:90,0
DA:92,0
DA:95,0
DA:111,0
DA:114,0
DA:115,0
DA:117,0
DA:120,0
DA:130,0
DA:133,0
DA:136,0
DA:153,0
DA:156,0
DA:162,0
DA:165,0
DA:174,0
DA:179,0
DA:180,0
DA:182,0
DA:185,0
DA:194,0
DA:197,0
DA:202,0
DA:203,0
DA:204,0
DA:205,0
DA:206,0
DA:207,0
DA:213,0
DA:216,0
DA:247,0
DA:250,0
DA:256,0
DA:257,0
DA:259,0
DA:262,0
DA:271,0
DA:272,0
DA:275,0
DA:296,0
DA:299,0
DA:336,0
DA:339,0
DA:344,0
DA:347,0
DA:348,0
DA:350,0
DA:353,0
DA:361,0
DA:364,0
DA:382,0
DA:384,0
DA:389,0
DA:395,0
DA:396,0
DA:397,0
DA:399,0
DA:402,0
DA:412,0
DA:415,0
DA:418,0
DA:440,0
DA:443,0
DA:446,0
DA:468,0
DA:473,0
LF:99
LH:0
BRF:0
BRH:0
end_of_record
